<?xml version="1.0" encoding="UTF-8"?>
<!-- Generated by org.testng.reporters.JUnitXMLReporter -->
<testsuite hostname="DESKTOP-OK061BU" name="Test" tests="4" failures="0" timestamp="1 Oct 2019 13:06:46 GMT" time="208.344" errors="0">
  <testcase name="ytc1" time="19.134" classname="org.testing.TestScripts.TC1"/>
  <testcase name="ytc1" time="22.388" classname="org.testing.TestScripts.TC2"/>
  <testcase name="ytc2" time="33.623" classname="org.testing.TestScripts.TC3"/>
  <testcase name="ytc2" time="25.994" classname="org.testing.TestScripts.TC5"/>
</testsuite> <!-- Test -->
